

                             _   _
                            (_) | |
      __ _   _ __   __   __  _  | |
     / _` | | '_ \  \ \ / / | | | |
    | (_| | | | | |  \ V /  | | | |
     \__,_| |_| |_|   \_/   |_| |_|

    1.3.5-stable (9979a41b5d 2025-09-09T04:48:08.305566906Z)
    https://github.com/foundry-rs/foundry

Available Accounts
==================

(0) 0xf39Fd6e51aad88F6F4ce6aB8827279cffFb92266 (10000.000000000000000000 ETH)
(1) 0x70997970C51812dc3A010C7d01b50e0d17dc79C8 (10000.000000000000000000 ETH)
(2) 0x3C44CdDdB6a900fa2b585dd299e03d12FA4293BC (10000.000000000000000000 ETH)
(3) 0x90F79bf6EB2c4f870365E785982E1f101E93b906 (10000.000000000000000000 ETH)
(4) 0x15d34AAf54267DB7D7c367839AAf71A00a2C6A65 (10000.000000000000000000 ETH)
(5) 0x9965507D1a55bcC2695C58ba16FB37d819B0A4dc (10000.000000000000000000 ETH)
(6) 0x976EA74026E726554dB657fA54763abd0C3a0aa9 (10000.000000000000000000 ETH)
(7) 0x14dC79964da2C08b23698B3D3cc7Ca32193d9955 (10000.000000000000000000 ETH)
(8) 0x23618e81E3f5cdF7f54C3d65f7FBc0aBf5B21E8f (10000.000000000000000000 ETH)
(9) 0xa0Ee7A142d267C1f36714E4a8F75612F20a79720 (10000.000000000000000000 ETH)

Private Keys
==================

(0) 0xac0974bec39a17e36ba4a6b4d238ff944bacb478cbed5efcae784d7bf4f2ff80
(1) 0x59c6995e998f97a5a0044966f0945389dc9e86dae88c7a8412f4603b6b78690d
(2) 0x5de4111afa1a4b94908f83103eb1f1706367c2e68ca870fc3fb9a804cdab365a
(3) 0x7c852118294e51e653712a81e05800f419141751be58f605c371e15141b007a6
(4) 0x47e179ec197488593b187f80a00eb0da91f1b9d0b13f8733639f19c30a34926a
(5) 0x8b3a350cf5c34c9194ca85829a2df0ec3153be0318b5e2d3348e872092edffba
(6) 0x92db14e403b83dfe3df233f83dfa3a0d7096f21ca9b0d6d6b8d88b2b4ec1564e
(7) 0x4bbbf85ce3377467afe5d46f804f221813b2bb87f24d81f60f1fcdbf7cbf4356
(8) 0xdbda1821b80551c9d65939329250298aa3472ba22feea921c0cf5d620ea67b97
(9) 0x2a871d0798f97d79848a013d4936a73bf4cc922c825d33c1cf7073dff6d409c6

Wallet
==================
Mnemonic:          test test test test test test test test test test test junk
Derivation path:   m/44'/60'/0'/0/


Chain ID
==================

31337

Base Fee
==================

1000000000

Gas Limit
==================

120000000

Genesis Timestamp
==================

1775011898

Genesis Number
==================

0

Listening on 127.0.0.1:8545
eth_getTransactionCount
eth_getCode
eth_blockNumber
eth_gasPrice
eth_getBlockByNumber
eth_chainId
eth_blockNumber
eth_gasPrice
eth_chainId
eth_getBlockByNumber
eth_getAccountInfo
eth_getAccount
eth_getCode
eth_getBalance
eth_getTransactionCount
eth_getCode
eth_getCode
eth_getBalance
eth_getTransactionCount
eth_getBalance
eth_getCode
eth_getTransactionCount
eth_getCode
eth_getBalance
eth_getTransactionCount
eth_getBalance
eth_getCode
eth_getTransactionCount
eth_getCode
eth_getBalance
eth_getTransactionCount
eth_getBalance
eth_getCode
eth_getTransactionCount
eth_getBalance
eth_getTransactionCount
eth_getCode
eth_getBalance
eth_getCode
eth_getTransactionCount
eth_getBalance
eth_getCode
eth_getTransactionCount
eth_getBalance
eth_getCode
eth_getTransactionCount
eth_getTransactionCount
eth_getBalance
eth_getCode
eth_getBalance
eth_getCode
eth_getTransactionCount
eth_getTransactionCount
eth_getBalance
eth_getCode
eth_getBalance
eth_getCode
eth_getTransactionCount
eth_getTransactionCount
eth_getCode
eth_getBalance
eth_getBalance
eth_getCode
eth_getTransactionCount
eth_getBalance
eth_getCode
eth_getTransactionCount
eth_getBalance
eth_getTransactionCount
eth_getCode
eth_getCode
eth_getBalance
eth_getTransactionCount
eth_getTransactionCount
eth_getCode
eth_getBalance
eth_getBalance
eth_getCode
eth_getTransactionCount
eth_getTransactionCount
eth_getCode
eth_getBalance
eth_getTransactionCount
eth_getBalance
eth_getCode
eth_getBalance
eth_getCode
eth_getTransactionCount
eth_getBalance
eth_getCode
eth_getTransactionCount
eth_getBalance
eth_getCode
eth_getTransactionCount
eth_getBalance
eth_getCode
eth_getTransactionCount
eth_getBalance
eth_getCode
eth_getTransactionCount
eth_getBalance
eth_getCode
eth_getTransactionCount
eth_getBalance
eth_getCode
eth_getTransactionCount
eth_getBalance
eth_getCode
eth_getTransactionCount
eth_getCode
eth_getBalance
eth_getTransactionCount
eth_chainId
eth_chainId
eth_blockNumber
eth_gasPrice
eth_chainId
eth_getBlockByNumber
eth_chainId
eth_feeHistory
eth_feeHistory
eth_sendRawTransaction
eth_sendRawTransaction
eth_sendRawTransaction
eth_sendRawTransaction
eth_sendRawTransaction
eth_sendRawTransaction
eth_sendRawTransaction

    Transaction: 0x198d14badbe265201e6c2ffd59fed30bab61a7f88f6340f9e22f4449b823f089
    Contract created: 0x5FbDB2315678afecb367f032d93F642f64180aa3
    Gas used: 4547732

    Transaction: 0x691e9934787f631c2914903be14d5448b2380c715f6e019e5e727ec1e46af311
    Contract created: 0xe7f1725E7734CE288F8367e1Bb143E90bb3F0512
    Gas used: 5965954

    Transaction: 0x522a6c81a0e93148b26953bd458c464393c0b555e2803deba2b7db319d1661b7
    Contract created: 0x9fE46736679d2D9a65F0992F2272dE9f3c7fa6e0
    Gas used: 6753470

    Transaction: 0x26c1eef3325314d81a2e15c9bc0c5a79aafdfa5a74c118dd7ec3e1acaa3a9926
    Contract created: 0xCf7Ed3AccA5a467e9e704C703E8D87F634fB0Fc9
    Gas used: 8058522

    Transaction: 0xd4fc0622f8822980a61ac14dd2382339bce0127584211b7e4a8a939a298712a3
    Contract created: 0xDc64a140Aa3E981100a9becA4E685f962f0cF6C9
    Gas used: 9033803

    Block Number: 1
    Block Hash: 0x85028ee561fd976ca9cf04378458582c571a593ee02f8fb1be55d643f6b2a000
    Block Time: "Wed, 1 Apr 2026 02:52:42 +0000"


    Transaction: 0x0bc7808440bbb0e34f36c8218b134e2dc62c209b9118e06cea9d5da171c65d85
    Contract created: 0x5FC8d32690cc91D4c39d9d3abcBD16989F875707
    Gas used: 1058943

    Transaction: 0x0b7951a64041e16e450f215771ea9c14380195358bb1de427e6592e77a664599
    Contract created: 0x0165878A594ca255338adfa4d48449f69242Eb8F
    Gas used: 1928877

    Block Number: 2
    Block Hash: 0x225a4543644ac32775b71733858d53a08e98565a179c3d852d38095e1766a1f9
    Block Time: "Wed, 1 Apr 2026 02:52:42 +0000"

eth_sendRawTransaction
eth_sendRawTransaction
eth_sendRawTransaction

    Transaction: 0xbb18a2a06b67a999667e58fa27c0423c8f636377eeb2690be5f7119861732bb8
    Contract created: 0xa513E6E4b8f2a923D98304ec87F64353C4D5C853
    Gas used: 655697

eth_sendRawTransaction
eth_sendRawTransaction
eth_sendRawTransaction
eth_sendRawTransaction
    Block Number: 3
    Block Hash: 0x633c90782f6e3b8b9bc1d31b2499c5985aafaa872abd9887a6b5e906e7c5a0c8
    Block Time: "Wed, 1 Apr 2026 02:52:42 +0000"


    Transaction: 0xf658ea723e03d5c143701eea88b052b2ad8644c3f9c5ad67a7b8b8992225cb36
    Contract created: 0x2279B7A0a67DB372996a5FaB50D91eAA73d2eBe6
    Gas used: 4119342

    Transaction: 0x555a2dc79547446ef05399d00cc9826d6a2cc7782b577145dc4710ec444d4bc9
    Contract created: 0x8A791620dd6260079BF849Dc5567aDC3F2FdC318
    Gas used: 6144229

    Block Number: 4
    Block Hash: 0x7a65b8a755394d7c96740f8ab01446c5d2f6627d65f2c60e6d8f8cba6d0755af
    Block Time: "Wed, 1 Apr 2026 02:52:42 +0000"


    Transaction: 0x7848fb8a2a5cb3230af0789ad68f9c1853e041edd927b8631c7df665b376ff3a
    Gas used: 47206

    Transaction: 0x3734e87f7c9906794d73ccd3ea89d1fc2062b7a542a303183ab505b3f89cd05e
    Contract created: 0xB7f8BC63BbcaD18155201308C8f3540b07f84F5e
    Gas used: 828924

    Block Number: 5
    Block Hash: 0xb73b9b5c322bd011185fa30a360bd7ad1e45edce6d97d67799a26ddcd6d42305
    Block Time: "Wed, 1 Apr 2026 02:52:42 +0000"


    Transaction: 0xccde849c4edaf9bfe8cf7135a242e43d7da76232a11b5ed84d87b08dfd50cbc7
    Contract created: 0xA51c1fc2f0D1a1b8494Ed1FE312d7C3a78Ed91C0
    Gas used: 1436597

    Transaction: 0xb46264ed43a13da056b83e41e86d1b8f0ecb3198f4e642f8e98d61f16d33af79
    Contract created: 0x0DCd1Bf9A1b36cE34237eEaFef220932846BCD82
    Gas used: 1888030

    Block Number: 6
    Block Hash: 0xcf5bd3e91d42896e224a31e1ed816ccb4e7a6803dd112fee7cf1c9787124449e
    Block Time: "Wed, 1 Apr 2026 02:52:42 +0000"

eth_sendRawTransaction
eth_sendRawTransaction
eth_sendRawTransaction
eth_sendRawTransaction
eth_sendRawTransaction
eth_sendRawTransaction
eth_sendRawTransaction

    Transaction: 0x566677322826d03927af3c7e8cc5165e6c059ea3c3e6dfcde91712098ef1b92c
    Gas used: 5913149

    Transaction: 0xa93a3a66583e7ac13328b65a2216366f13ca85363046f8d090ee902ffbe3f7a4
    Gas used: 5963816

    Transaction: 0x68ba885e95b8ff9986d94306307136ad533d3455460ca12eb0735ef26814a807
    Gas used: 6012338

    Block Number: 7
    Block Hash: 0xb4333be00a063a7d0a0d96f0e0aed36718c2af4e696e885c38f6bff307885d8c
    Block Time: "Wed, 1 Apr 2026 02:52:43 +0000"


    Transaction: 0x1e6e8da64c111ec6ef82be2c0cae5178612b8173f4646982d7bf8114c66ce9ab
    Gas used: 51998

    Transaction: 0xafe8edb3d925f2cc6163596d748b670d44a9311a9fd0ee879667b4f73bf1289e
    Gas used: 99187

    Transaction: 0x508d4795a4e72c175b9fe1050570439f7b6df48de4af2a961a81ecb0988e8145
    Contract created: 0x3Aa5ebB10DC797CAC828524e59A333d0A371443c
    Gas used: 481062

    Transaction: 0xec90cb88cb8d009f2a00af0f2653678e8a8134b38781eb62300131a74d918b33
    Contract created: 0xc6e7DF5E7b4f2A278906862b61205850344D4e7d
    Gas used: 1127455

    Block Number: 8
    Block Hash: 0x5197a08c08192984d4ff1e832f1c2e80834a7b9487da02da45286adef0e7b19e
    Block Time: "Wed, 1 Apr 2026 02:52:43 +0000"

eth_sendRawTransaction
eth_sendRawTransaction
eth_sendRawTransaction
eth_sendRawTransaction
eth_sendRawTransaction
eth_sendRawTransaction
eth_sendRawTransaction

    Transaction: 0xcdb59f326d5f8fe983b841f96d647301c47aef87f770b84b6436beeef946665d
    Contract created: 0x59b670e9fA9D0A427751Af201D676719a970857b
    Gas used: 1985621

    Transaction: 0x98f66f0866f9d95bd93dd7ce01e217991ea7cf3524da23ed4760f4bcdd6868fa
    Contract created: 0x4ed7c70F96B99c776995fB64377f0d4aB3B0e1C1
    Gas used: 3159356

    Block Number: 9
    Block Hash: 0xb1e59aef95f73ea0f613ffd3187ade77d13df365a71b05fd2a7b0e2cc32deef0
    Block Time: "Wed, 1 Apr 2026 02:52:43 +0000"


    Transaction: 0xd59a8c26b9d31c2ef7ddd2a082cedd4a11b4917c4bf10fa2f2e26debc3e9a669
    Contract created: 0x322813Fd9A801c5507c9de605d63CEA4f2CE6c44
    Gas used: 1552276

    Block Number: 10
    Block Hash: 0x4ab29681228e063be700983edc2eca902c67a116ef6212227236db3f5793d840
    Block Time: "Wed, 1 Apr 2026 02:52:43 +0000"


    Transaction: 0x6af9b38569553b7d9ba5880767baaaa2458a6fb06ca57ca181c525895711a586
    Contract created: 0xa85233C63b9Ee964Add6F2cffe00Fd84eb32338f
    Gas used: 717590

    Transaction: 0x588d50950c540e2b3e9871e24f5a4fa95489b9208c076e57164db1a9fe0dfb86
    Contract created: 0x4A679253410272dd5232B3Ff7cF5dbB88f295319
    Gas used: 3383839

    Transaction: 0x6acd3e33803530d0c274996c51a270629327118ccede90019f33124047eda1c1
    Contract created: 0x7a2088a1bFc9d81c55368AE168C2C02570cB814F
    Gas used: 3794495

    Transaction: 0x0f8cff688eb1c0931bfb29589112ab7e49099fbc0603cf6f94a868ced34ad754
    Gas used: 3843017

    Block Number: 11
    Block Hash: 0x77432870caed6b0ba060782572347d884b395f60a63e3a29d541bb7e58026e45
    Block Time: "Wed, 1 Apr 2026 02:52:43 +0000"

eth_sendRawTransaction
eth_sendRawTransaction
eth_sendRawTransaction
eth_sendRawTransaction
eth_sendRawTransaction
eth_sendRawTransaction
eth_sendRawTransaction

    Transaction: 0x0b5d7b451233cc22dfc7252ddf39acd59f54db19ed616c751604aa412eaa2535
    Gas used: 48522

    Block Number: 12
    Block Hash: 0xdcf63b12ec45e29600602c18981ef1daf2b72817242cf0d1808c98cec21bc49a
    Block Time: "Wed, 1 Apr 2026 02:52:43 +0000"


    Transaction: 0x78404ec48e1f26715b9ec86c0d16e06f0ee715a56894411739705db01f7d159e
    Gas used: 48510

    Block Number: 13
    Block Hash: 0x8a47cb65ef443de884b5b2188ffe6f10f628f54dbe47d8a92ce1f5e6ae9d0c5c
    Block Time: "Wed, 1 Apr 2026 02:52:43 +0000"


    Transaction: 0xedcb565036c74b168b75b29a198c6631daca2e35aebd2eb7cb5bd1297dad5289
    Gas used: 48510

    Transaction: 0x67adc9a584c4cb94430dafc1b9d9a183607c4f4b873c9cbee260d006f0cea667
    Gas used: 97032

    Block Number: 14
    Block Hash: 0x9810526339919573c378b503f8ccb505ef0ddfbc4d68d8d8990617ffd982f9eb
    Block Time: "Wed, 1 Apr 2026 02:52:43 +0000"


    Transaction: 0x2f9812d345e5c0122c57bddf7ac67fea1c7e992a8ea6d894163d73afb792aeda
    Gas used: 48522

    Block Number: 15
    Block Hash: 0xfa51bdad05f938791d6aaf5a28bdb837cc82d9b503d8f679f22f0aac3db6fb42
    Block Time: "Wed, 1 Apr 2026 02:52:43 +0000"


    Transaction: 0x5859f0bd327d7257da482e20b6b9b3c504ee9033dfb7bf20d3d3b157a8270570
    Gas used: 48522

    Transaction: 0x19f571ed90d1d85ccf3fa94220272df41a13db0d856338b576ca8b6cb291a014
    Gas used: 97044

    Block Number: 16
    Block Hash: 0x796773e480bcaff6177f445fac2f46edb43de4b340013e54378df90ec5c7191b
    Block Time: "Wed, 1 Apr 2026 02:52:43 +0000"

eth_sendRawTransaction
eth_sendRawTransaction
eth_sendRawTransaction
eth_sendRawTransaction
eth_sendRawTransaction
eth_sendRawTransaction
eth_sendRawTransaction

    Transaction: 0x488ce2a6d4b563936f7bfe4a840832aca6d1a6653267ec16a6c67bdf3dd38845
    Gas used: 35923

    Block Number: 17
    Block Hash: 0xafa9213c711aaf09242900ceb44fb07fe53c062f1c919d56e74200bd5178a303
    Block Time: "Wed, 1 Apr 2026 02:52:43 +0000"


    Transaction: 0x78fb043996e1856d3050c8564df24daf9af19312a4fa6b01dc644138c8f1e3ce
    Gas used: 53003

    Block Number: 18
    Block Hash: 0xd7880e1321898085cd14eac9480307fa94a69287485eca5496bb1ab28563be54
    Block Time: "Wed, 1 Apr 2026 02:52:43 +0000"


    Transaction: 0x675e6fb5ebce2dd089d45eb2bd4fe31ae8a43ef1e5bfe31152d5c573f5ae8b65
    Gas used: 53655

    Transaction: 0x2e2df42e86fc3c225c8ce8ce459675a5440d30443ad865bbbc3b8264454bd48a
    Gas used: 107290

    Transaction: 0xc39527935bdf2031bf64153ae47d5c83aaa96398f5ed1c6c28846e0eae1513c0
    Gas used: 160995

    Transaction: 0x46a0bf3e10e09c5e08fc2b6cdb33d2002176a331dceac08338ee6a293f17e080
    Gas used: 214636

    Transaction: 0xcebc7b4cebbcf2ad15747c20ab05f2147e9613ec986afd2abfd07e43be4cfe01
    Gas used: 268265

    Block Number: 19
    Block Hash: 0x9be5a942877c39dbea8c84559d3bdda29facb29df8c11647027f618074585fd2
    Block Time: "Wed, 1 Apr 2026 02:52:43 +0000"

eth_sendRawTransaction
eth_sendRawTransaction
eth_sendRawTransaction
eth_sendRawTransaction

    Transaction: 0xca6788d213206464aaffb667fd9798416531ce6247d3d9d0b1228c8963f1dc22
    Contract created: 0x99bbA657f2BbC93c02D617f8bA121cB8Fc104Acf
    Gas used: 1811153

    Block Number: 20
    Block Hash: 0xa808f37ebe14d0a1d242c9f6ce52d4a002135bb87f84aa182e7578c0db3bcbfe
    Block Time: "Wed, 1 Apr 2026 02:52:44 +0000"

eth_sendRawTransaction
eth_sendRawTransaction
eth_sendRawTransaction

    Transaction: 0x12b5915095fcd741ef9a8a97dfcdfa6b00a0321c7ca462e88ee471ea997ae2ac
    Contract created: 0x0E801D84Fa97b50751Dbf25036d067dCf18858bF
    Gas used: 1826216

    Block Number: 21
    Block Hash: 0x1908cc31eb4fce19b5c0c92a9b4d7ce4ce8567aac9d363ff9f18b18bcecef7d8
    Block Time: "Wed, 1 Apr 2026 02:52:44 +0000"


    Transaction: 0xcfc8f4bd8cc3cfbf187a83bb8cd2d9b6368387f6c0f508c9a31674ef9dc5d5d8
    Gas used: 48522

    Transaction: 0x9a7d4580df95cf865f7efe7dd3df3b72e1da64fccacd491b06e0bc862463f003
    Gas used: 97044

    Block Number: 22
    Block Hash: 0x165a405ad881ff2e7ca63e3f656a224e2bdf09872b91adbd1cce1c0c47388497
    Block Time: "Wed, 1 Apr 2026 02:52:44 +0000"


    Transaction: 0x0ed340edf1ac9bed2bde4db04746ce5e0928f1750aa4d306a65fcd72ed69efae
    Gas used: 51929

    Transaction: 0x14d8ece4d98ce53f6d0e19862ef9710f212efc4b0b53a8a15f76a2b3699a7df5
    Contract created: 0x36C02dA8a0983159322a80FFE9F24b1acfF8B570
    Gas used: 636095

    Transaction: 0x3953f2b3367e93b9d853bfeefe8a54a79171ad1845e5637d4d27535341cf3890
    Gas used: 662811

    Block Number: 23
    Block Hash: 0x5763389dbfe7e31c1da123863b4dad58970753a88c6cb12c88973e139cf2774b
    Block Time: "Wed, 1 Apr 2026 02:52:44 +0000"

eth_sendRawTransaction
eth_sendRawTransaction

    Transaction: 0xf7b75d7900f737750acf3ef625e707775fd0492992611f95ffbf4fa5eab6781a
    Gas used: 55689

    Block Number: 24
    Block Hash: 0xc2788a7645fe0ca730b5f59f5042ef07112d92daa0857e8373aed934fec914a9
    Block Time: "Wed, 1 Apr 2026 02:52:44 +0000"


    Transaction: 0x3197042f6a8b01933694c34963bbae4c70e4484c5371bbb85e9319b359a80628
    Gas used: 368928

    Block Number: 25
    Block Hash: 0x9897e15eb2811084f183bbfe0ead4793ed27e340eb98dd85926630f505757d57
    Block Time: "Wed, 1 Apr 2026 02:52:44 +0000"

eth_getTransactionReceipt
eth_getTransactionReceipt
eth_getTransactionReceipt
eth_getTransactionReceipt
eth_getTransactionReceipt
eth_getTransactionReceipt
eth_getTransactionReceipt
eth_getTransactionReceipt
eth_getTransactionReceipt
eth_getTransactionReceipt
eth_getTransactionReceipt
eth_getTransactionReceipt
eth_getTransactionReceipt
eth_getTransactionReceipt
eth_getTransactionReceipt
eth_getTransactionReceipt
eth_getTransactionReceipt
eth_getTransactionReceipt
eth_getTransactionReceipt
eth_getTransactionReceipt
eth_getTransactionReceipt
eth_getTransactionReceipt
eth_getTransactionReceipt
eth_getTransactionReceipt
eth_getTransactionReceipt
eth_getTransactionReceipt
eth_getTransactionReceipt
eth_getTransactionReceipt
eth_getTransactionReceipt
eth_getTransactionReceipt
eth_getTransactionReceipt
eth_getTransactionReceipt
eth_getTransactionReceipt
eth_getTransactionReceipt
eth_getTransactionReceipt
eth_getTransactionReceipt
eth_getTransactionReceipt
eth_getTransactionReceipt
eth_getTransactionReceipt
eth_getTransactionReceipt
eth_getTransactionReceipt
eth_getTransactionReceipt
eth_getTransactionReceipt
eth_getTransactionReceipt
eth_getTransactionReceipt
eth_getTransactionReceipt
eth_getTransactionReceipt
eth_getTransactionReceipt
eth_getTransactionReceipt
eth_getTransactionReceipt
eth_getTransactionReceipt
eth_getTransactionReceipt
eth_getTransactionReceipt
eth_getTransactionReceipt
eth_getTransactionReceipt
eth_getTransactionReceipt
eth_getTransactionReceipt
eth_getTransactionReceipt
eth_getTransactionReceipt
eth_getTransactionReceipt
eth_getTransactionReceipt
eth_getTransactionReceipt
eth_getTransactionReceipt
eth_getTransactionReceipt
eth_getTransactionReceipt
eth_getTransactionReceipt
eth_getTransactionReceipt
eth_getTransactionReceipt
eth_getTransactionReceipt
eth_getTransactionReceipt
eth_getTransactionReceipt
eth_getTransactionReceipt
eth_getTransactionReceipt
eth_getTransactionReceipt
eth_getTransactionReceipt
eth_getTransactionReceipt
eth_getTransactionReceipt
eth_getTransactionReceipt
eth_getTransactionReceipt
eth_getTransactionReceipt
eth_getTransactionReceipt
eth_getTransactionReceipt
eth_getTransactionReceipt
eth_getTransactionReceipt
eth_getTransactionReceipt
eth_getTransactionReceipt
eth_getTransactionReceipt
eth_getTransactionReceipt
eth_getTransactionReceipt
eth_getTransactionReceipt
eth_getTransactionReceipt
eth_getTransactionReceipt
eth_getTransactionReceipt
eth_getTransactionReceipt
eth_getTransactionReceipt
eth_getTransactionReceipt
eth_getTransactionReceipt
eth_getTransactionReceipt
eth_getTransactionReceipt
eth_getTransactionReceipt
eth_getTransactionReceipt
eth_getTransactionReceipt
eth_blockNumber
eth_getCode
eth_call
eth_call
eth_call
eth_call
eth_call
eth_call
eth_call
eth_call
eth_call
eth_call
eth_call
eth_call
eth_call
eth_call
eth_call
eth_getCode
eth_blockNumber
eth_estimateGas
eth_getCode
eth_gasPrice
eth_getBalance
eth_blockNumber
eth_call

RPC request failed:
    Request: EthCall(WithOtherFields { inner: TransactionRequest { from: None, to: Some(Call(0xa51c1fc2f0d1a1b8494ed1fe312d7c3a78ed91c0)), gas_price: None, max_fee_per_gas: None, max_priority_fee_per_gas: None, max_fee_per_blob_gas: None, gas: None, value: None, input: TransactionInput { input: None, data: Some(0x01ffc9a780ac58cd00000000000000000000000000000000000000000000000000000000) }, nonce: None, chain_id: None, access_list: None, transaction_type: None, blob_versioned_hashes: None, sidecar: None, authorization_list: None }, other: OtherFields {} }, Some(0x19), None, None)
    Error: Execution error: execution reverted

eth_call

RPC request failed:
    Request: EthCall(WithOtherFields { inner: TransactionRequest { from: None, to: Some(Call(0xa51c1fc2f0d1a1b8494ed1fe312d7c3a78ed91c0)), gas_price: None, max_fee_per_gas: None, max_priority_fee_per_gas: None, max_fee_per_blob_gas: None, gas: None, value: None, input: TransactionInput { input: None, data: Some(0x01ffc9a7d9b67a2600000000000000000000000000000000000000000000000000000000) }, nonce: None, chain_id: None, access_list: None, transaction_type: None, blob_versioned_hashes: None, sidecar: None, authorization_list: None }, other: OtherFields {} }, Some(0x19), None, None)
    Error: Execution error: execution reverted

eth_call

RPC request failed:
    Request: EthCall(WithOtherFields { inner: TransactionRequest { from: None, to: Some(Call(0xa51c1fc2f0d1a1b8494ed1fe312d7c3a78ed91c0)), gas_price: None, max_fee_per_gas: None, max_priority_fee_per_gas: None, max_fee_per_blob_gas: None, gas: None, value: None, input: TransactionInput { input: None, data: Some(0x95d89b41) }, nonce: None, chain_id: None, access_list: None, transaction_type: None, blob_versioned_hashes: None, sidecar: None, authorization_list: None }, other: OtherFields {} }, Some(0x19), None, None)
    Error: Execution error: execution reverted

eth_call

RPC request failed:
    Request: EthCall(WithOtherFields { inner: TransactionRequest { from: None, to: Some(Call(0xa51c1fc2f0d1a1b8494ed1fe312d7c3a78ed91c0)), gas_price: None, max_fee_per_gas: None, max_priority_fee_per_gas: None, max_fee_per_blob_gas: None, gas: None, value: None, input: TransactionInput { input: None, data: Some(0x313ce567) }, nonce: None, chain_id: None, access_list: None, transaction_type: None, blob_versioned_hashes: None, sidecar: None, authorization_list: None }, other: OtherFields {} }, Some(0x19), None, None)
    Error: Execution error: execution reverted

eth_blockNumber
eth_call

RPC request failed:
    Request: EthCall(WithOtherFields { inner: TransactionRequest { from: None, to: Some(Call(0xa51c1fc2f0d1a1b8494ed1fe312d7c3a78ed91c0)), gas_price: None, max_fee_per_gas: None, max_priority_fee_per_gas: None, max_fee_per_blob_gas: None, gas: None, value: None, input: TransactionInput { input: None, data: Some(0x01ffc9a780ac58cd00000000000000000000000000000000000000000000000000000000) }, nonce: None, chain_id: None, access_list: None, transaction_type: None, blob_versioned_hashes: None, sidecar: None, authorization_list: None }, other: OtherFields {} }, Some(0x19), None, None)
    Error: Execution error: execution reverted

eth_call

RPC request failed:
    Request: EthCall(WithOtherFields { inner: TransactionRequest { from: None, to: Some(Call(0xa51c1fc2f0d1a1b8494ed1fe312d7c3a78ed91c0)), gas_price: None, max_fee_per_gas: None, max_priority_fee_per_gas: None, max_fee_per_blob_gas: None, gas: None, value: None, input: TransactionInput { input: None, data: Some(0x01ffc9a7d9b67a2600000000000000000000000000000000000000000000000000000000) }, nonce: None, chain_id: None, access_list: None, transaction_type: None, blob_versioned_hashes: None, sidecar: None, authorization_list: None }, other: OtherFields {} }, Some(0x19), None, None)
    Error: Execution error: execution reverted

eth_call

RPC request failed:
    Request: EthCall(WithOtherFields { inner: TransactionRequest { from: None, to: Some(Call(0xa51c1fc2f0d1a1b8494ed1fe312d7c3a78ed91c0)), gas_price: None, max_fee_per_gas: None, max_priority_fee_per_gas: None, max_fee_per_blob_gas: None, gas: None, value: None, input: TransactionInput { input: None, data: Some(0x95d89b41) }, nonce: None, chain_id: None, access_list: None, transaction_type: None, blob_versioned_hashes: None, sidecar: None, authorization_list: None }, other: OtherFields {} }, Some(0x19), None, None)
    Error: Execution error: execution reverted

eth_call

RPC request failed:
    Request: EthCall(WithOtherFields { inner: TransactionRequest { from: None, to: Some(Call(0xa51c1fc2f0d1a1b8494ed1fe312d7c3a78ed91c0)), gas_price: None, max_fee_per_gas: None, max_priority_fee_per_gas: None, max_fee_per_blob_gas: None, gas: None, value: None, input: TransactionInput { input: None, data: Some(0x313ce567) }, nonce: None, chain_id: None, access_list: None, transaction_type: None, blob_versioned_hashes: None, sidecar: None, authorization_list: None }, other: OtherFields {} }, Some(0x19), None, None)
    Error: Execution error: execution reverted

eth_call

RPC request failed:
    Request: EthCall(WithOtherFields { inner: TransactionRequest { from: None, to: Some(Call(0xa51c1fc2f0d1a1b8494ed1fe312d7c3a78ed91c0)), gas_price: None, max_fee_per_gas: None, max_priority_fee_per_gas: None, max_fee_per_blob_gas: None, gas: None, value: None, input: TransactionInput { input: None, data: Some(0x70a08231000000000000000000000000a0ee7a142d267c1f36714e4a8f75612f20a79720) }, nonce: None, chain_id: None, access_list: None, transaction_type: None, blob_versioned_hashes: None, sidecar: None, authorization_list: None }, other: OtherFields {} }, Some(0x19), None, None)
    Error: Execution error: execution reverted

eth_getStorageAt
eth_getStorageAt
eth_getTransactionCount
eth_call

RPC request failed:
    Request: EthCall(WithOtherFields { inner: TransactionRequest { from: None, to: Some(Call(0xa51c1fc2f0d1a1b8494ed1fe312d7c3a78ed91c0)), gas_price: None, max_fee_per_gas: None, max_priority_fee_per_gas: None, max_fee_per_blob_gas: None, gas: None, value: None, input: TransactionInput { input: None, data: Some(0x01ffc9a780ac58cd00000000000000000000000000000000000000000000000000000000) }, nonce: None, chain_id: None, access_list: None, transaction_type: None, blob_versioned_hashes: None, sidecar: None, authorization_list: None }, other: OtherFields {} }, Some(0x19), None, None)
    Error: Execution error: execution reverted

eth_call

RPC request failed:
    Request: EthCall(WithOtherFields { inner: TransactionRequest { from: None, to: Some(Call(0xa51c1fc2f0d1a1b8494ed1fe312d7c3a78ed91c0)), gas_price: None, max_fee_per_gas: None, max_priority_fee_per_gas: None, max_fee_per_blob_gas: None, gas: None, value: None, input: TransactionInput { input: None, data: Some(0x01ffc9a7d9b67a2600000000000000000000000000000000000000000000000000000000) }, nonce: None, chain_id: None, access_list: None, transaction_type: None, blob_versioned_hashes: None, sidecar: None, authorization_list: None }, other: OtherFields {} }, Some(0x19), None, None)
    Error: Execution error: execution reverted

eth_call

RPC request failed:
    Request: EthCall(WithOtherFields { inner: TransactionRequest { from: None, to: Some(Call(0xa51c1fc2f0d1a1b8494ed1fe312d7c3a78ed91c0)), gas_price: None, max_fee_per_gas: None, max_priority_fee_per_gas: None, max_fee_per_blob_gas: None, gas: None, value: None, input: TransactionInput { input: None, data: Some(0x95d89b41) }, nonce: None, chain_id: None, access_list: None, transaction_type: None, blob_versioned_hashes: None, sidecar: None, authorization_list: None }, other: OtherFields {} }, Some(0x19), None, None)
    Error: Execution error: execution reverted

eth_call

RPC request failed:
    Request: EthCall(WithOtherFields { inner: TransactionRequest { from: None, to: Some(Call(0xa51c1fc2f0d1a1b8494ed1fe312d7c3a78ed91c0)), gas_price: None, max_fee_per_gas: None, max_priority_fee_per_gas: None, max_fee_per_blob_gas: None, gas: None, value: None, input: TransactionInput { input: None, data: Some(0x313ce567) }, nonce: None, chain_id: None, access_list: None, transaction_type: None, blob_versioned_hashes: None, sidecar: None, authorization_list: None }, other: OtherFields {} }, Some(0x19), None, None)
    Error: Execution error: execution reverted

eth_call

RPC request failed:
    Request: EthCall(WithOtherFields { inner: TransactionRequest { from: None, to: Some(Call(0xa51c1fc2f0d1a1b8494ed1fe312d7c3a78ed91c0)), gas_price: None, max_fee_per_gas: None, max_priority_fee_per_gas: None, max_fee_per_blob_gas: None, gas: None, value: None, input: TransactionInput { input: None, data: Some(0x70a08231000000000000000000000000a0ee7a142d267c1f36714e4a8f75612f20a79720) }, nonce: None, chain_id: None, access_list: None, transaction_type: None, blob_versioned_hashes: None, sidecar: None, authorization_list: None }, other: OtherFields {} }, Some(0x19), None, None)
    Error: Execution error: execution reverted

eth_sendRawTransaction

    Transaction: 0x744060524293ddf3dc2faf32237343c67a8cb1f3ef1f7549cabf06aa381560f3
    Gas used: 655028

    Block Number: 26
    Block Hash: 0x76b8b92f7515093a55fe953e6f98a2ff2eb37d572d7c13918589f3b403d9018e
    Block Time: "Wed, 1 Apr 2026 02:58:33 +0000"

eth_call

RPC request failed:
    Request: EthCall(WithOtherFields { inner: TransactionRequest { from: None, to: Some(Call(0xa51c1fc2f0d1a1b8494ed1fe312d7c3a78ed91c0)), gas_price: None, max_fee_per_gas: None, max_priority_fee_per_gas: None, max_fee_per_blob_gas: None, gas: None, value: None, input: TransactionInput { input: None, data: Some(0x01ffc9a780ac58cd00000000000000000000000000000000000000000000000000000000) }, nonce: None, chain_id: None, access_list: None, transaction_type: None, blob_versioned_hashes: None, sidecar: None, authorization_list: None }, other: OtherFields {} }, Some(0x19), None, None)
    Error: Execution error: execution reverted

eth_call

RPC request failed:
    Request: EthCall(WithOtherFields { inner: TransactionRequest { from: None, to: Some(Call(0xa51c1fc2f0d1a1b8494ed1fe312d7c3a78ed91c0)), gas_price: None, max_fee_per_gas: None, max_priority_fee_per_gas: None, max_fee_per_blob_gas: None, gas: None, value: None, input: TransactionInput { input: None, data: Some(0x01ffc9a7d9b67a2600000000000000000000000000000000000000000000000000000000) }, nonce: None, chain_id: None, access_list: None, transaction_type: None, blob_versioned_hashes: None, sidecar: None, authorization_list: None }, other: OtherFields {} }, Some(0x19), None, None)
    Error: Execution error: execution reverted

eth_getTransactionReceipt
eth_call
eth_call

RPC request failed:

RPC request failed:
    Request: EthCall(WithOtherFields { inner: TransactionRequest { from: None, to: Some(Call(0xa51c1fc2f0d1a1b8494ed1fe312d7c3a78ed91c0)), gas_price: None, max_fee_per_gas: None, max_priority_fee_per_gas: None, max_fee_per_blob_gas: None, gas: None, value: None, input: TransactionInput { input: None, data: Some(0x95d89b41) }, nonce: None, chain_id: None, access_list: None, transaction_type: None, blob_versioned_hashes: None, sidecar: None, authorization_list: None }, other: OtherFields {} }, Some(0x19), None, None)
    Error: Execution error: execution reverted

    Request: EthCall(WithOtherFields { inner: TransactionRequest { from: None, to: Some(Call(0xa51c1fc2f0d1a1b8494ed1fe312d7c3a78ed91c0)), gas_price: None, max_fee_per_gas: None, max_priority_fee_per_gas: None, max_fee_per_blob_gas: None, gas: None, value: None, input: TransactionInput { input: None, data: Some(0x313ce567) }, nonce: None, chain_id: None, access_list: None, transaction_type: None, blob_versioned_hashes: None, sidecar: None, authorization_list: None }, other: OtherFields {} }, Some(0x19), None, None)
    Error: Execution error: execution reverted

eth_blockNumber
eth_call

RPC request failed:
    Request: EthCall(WithOtherFields { inner: TransactionRequest { from: None, to: None, gas_price: None, max_fee_per_gas: None, max_priority_fee_per_gas: None, max_fee_per_blob_gas: None, gas: None, value: None, input: TransactionInput { input: None, data: Some(0x95d89b41) }, nonce: None, chain_id: None, access_list: None, transaction_type: None, blob_versioned_hashes: None, sidecar: None, authorization_list: None }, other: OtherFields {} }, Some(0x1a), None, None)
    Error: Internal error: EVM error StackOverflow

eth_getBlockByNumber
eth_call

RPC request failed:
    Request: EthCall(WithOtherFields { inner: TransactionRequest { from: None, to: None, gas_price: None, max_fee_per_gas: None, max_priority_fee_per_gas: None, max_fee_per_blob_gas: None, gas: None, value: None, input: TransactionInput { input: None, data: Some(0x95d89b41) }, nonce: None, chain_id: None, access_list: None, transaction_type: None, blob_versioned_hashes: None, sidecar: None, authorization_list: None }, other: OtherFields {} }, Some(0x1a), None, None)
    Error: Internal error: EVM error StackOverflow

eth_call

RPC request failed:
    Request: EthCall(WithOtherFields { inner: TransactionRequest { from: None, to: Some(Call(0xa51c1fc2f0d1a1b8494ed1fe312d7c3a78ed91c0)), gas_price: None, max_fee_per_gas: None, max_priority_fee_per_gas: None, max_fee_per_blob_gas: None, gas: None, value: None, input: TransactionInput { input: None, data: Some(0x01ffc9a780ac58cd00000000000000000000000000000000000000000000000000000000) }, nonce: None, chain_id: None, access_list: None, transaction_type: None, blob_versioned_hashes: None, sidecar: None, authorization_list: None }, other: OtherFields {} }, Some(0x1a), None, None)
    Error: Execution error: execution reverted

eth_call

RPC request failed:
    Request: EthCall(WithOtherFields { inner: TransactionRequest { from: None, to: Some(Call(0xa51c1fc2f0d1a1b8494ed1fe312d7c3a78ed91c0)), gas_price: None, max_fee_per_gas: None, max_priority_fee_per_gas: None, max_fee_per_blob_gas: None, gas: None, value: None, input: TransactionInput { input: None, data: Some(0x01ffc9a7d9b67a2600000000000000000000000000000000000000000000000000000000) }, nonce: None, chain_id: None, access_list: None, transaction_type: None, blob_versioned_hashes: None, sidecar: None, authorization_list: None }, other: OtherFields {} }, Some(0x1a), None, None)
    Error: Execution error: execution reverted

eth_call

RPC request failed:
eth_call
    Request: EthCall(WithOtherFields { inner: TransactionRequest { from: None, to: Some(Call(0xa51c1fc2f0d1a1b8494ed1fe312d7c3a78ed91c0)), gas_price: None, max_fee_per_gas: None, max_priority_fee_per_gas: None, max_fee_per_blob_gas: None, gas: None, value: None, input: TransactionInput { input: None, data: Some(0x95d89b41) }, nonce: None, chain_id: None, access_list: None, transaction_type: None, blob_versioned_hashes: None, sidecar: None, authorization_list: None }, other: OtherFields {} }, Some(0x1a), None, None)
    Error: Execution error: execution reverted


RPC request failed:
    Request: EthCall(WithOtherFields { inner: TransactionRequest { from: None, to: Some(Call(0xa51c1fc2f0d1a1b8494ed1fe312d7c3a78ed91c0)), gas_price: None, max_fee_per_gas: None, max_priority_fee_per_gas: None, max_fee_per_blob_gas: None, gas: None, value: None, input: TransactionInput { input: None, data: Some(0x313ce567) }, nonce: None, chain_id: None, access_list: None, transaction_type: None, blob_versioned_hashes: None, sidecar: None, authorization_list: None }, other: OtherFields {} }, Some(0x1a), None, None)
    Error: Execution error: execution reverted

eth_gasPrice
eth_getCode
eth_call
eth_call
eth_call
eth_call
eth_call
eth_call
eth_call
eth_call
eth_call
eth_call
eth_call
eth_call
eth_call
eth_call
eth_blockNumber
eth_call
eth_blockNumber
eth_blockNumber
eth_getTransactionReceipt
eth_blockNumber
eth_blockNumber
eth_blockNumber
eth_blockNumber
